{"total": {"lines":{"total":200,"covered":63,"skipped":0,"pct":31.5},"statements":{"total":201,"covered":64,"skipped":0,"pct":31.84},"functions":{"total":55,"covered":22,"skipped":0,"pct":40},"branches":{"total":48,"covered":5,"skipped":0,"pct":10.41},"branchesTrue":{"total":0,"covered":0,"skipped":0,"pct":100}}
,"/Users/clara/Documents/Code/projet-final/ma-seance-app/src/App.tsx": {"lines":{"total":1,"covered":1,"skipped":0,"pct":100},"functions":{"total":1,"covered":1,"skipped":0,"pct":100},"statements":{"total":1,"covered":1,"skipped":0,"pct":100},"branches":{"total":0,"covered":0,"skipped":0,"pct":100}}
,"/Users/clara/Documents/Code/projet-final/ma-seance-app/src/AppRouter.tsx": {"lines":{"total":3,"covered":0,"skipped":0,"pct":0},"functions":{"total":1,"covered":0,"skipped":0,"pct":0},"statements":{"total":3,"covered":0,"skipped":0,"pct":0},"branches":{"total":0,"covered":0,"skipped":0,"pct":100}}
,"/Users/clara/Documents/Code/projet-final/ma-seance-app/src/index.tsx": {"lines":{"total":3,"covered":0,"skipped":0,"pct":0},"functions":{"total":0,"covered":0,"skipped":0,"pct":100},"statements":{"total":3,"covered":0,"skipped":0,"pct":0},"branches":{"total":0,"covered":0,"skipped":0,"pct":100}}
,"/Users/clara/Documents/Code/projet-final/ma-seance-app/src/reportWebVitals.ts": {"lines":{"total":8,"covered":0,"skipped":0,"pct":0},"functions":{"total":2,"covered":0,"skipped":0,"pct":0},"statements":{"total":8,"covered":0,"skipped":0,"pct":0},"branches":{"total":4,"covered":0,"skipped":0,"pct":0}}
,"/Users/clara/Documents/Code/projet-final/ma-seance-app/src/client/auth.client.tsx": {"lines":{"total":23,"covered":23,"skipped":0,"pct":100},"functions":{"total":9,"covered":9,"skipped":0,"pct":100},"statements":{"total":23,"covered":23,"skipped":0,"pct":100},"branches":{"total":4,"covered":4,"skipped":0,"pct":100}}
,"/Users/clara/Documents/Code/projet-final/ma-seance-app/src/component/login/account-creation/AccountCreation.tsx": {"lines":{"total":47,"covered":0,"skipped":0,"pct":0},"functions":{"total":7,"covered":0,"skipped":0,"pct":0},"statements":{"total":47,"covered":0,"skipped":0,"pct":0},"branches":{"total":16,"covered":0,"skipped":0,"pct":0}}
,"/Users/clara/Documents/Code/projet-final/ma-seance-app/src/component/login/login-form/LoginForm.tsx": {"lines":{"total":33,"covered":0,"skipped":0,"pct":0},"functions":{"total":5,"covered":0,"skipped":0,"pct":0},"statements":{"total":33,"covered":0,"skipped":0,"pct":0},"branches":{"total":10,"covered":0,"skipped":0,"pct":0}}
,"/Users/clara/Documents/Code/projet-final/ma-seance-app/src/context/auth.context.tsx": {"lines":{"total":19,"covered":14,"skipped":0,"pct":73.68},"functions":{"total":7,"covered":4,"skipped":0,"pct":57.14},"statements":{"total":20,"covered":15,"skipped":0,"pct":75},"branches":{"total":2,"covered":1,"skipped":0,"pct":50}}
,"/Users/clara/Documents/Code/projet-final/ma-seance-app/src/hooks/useAuth.tsx": {"lines":{"total":13,"covered":12,"skipped":0,"pct":92.3},"functions":{"total":5,"covered":4,"skipped":0,"pct":80},"statements":{"total":13,"covered":12,"skipped":0,"pct":92.3},"branches":{"total":0,"covered":0,"skipped":0,"pct":100}}
,"/Users/clara/Documents/Code/projet-final/ma-seance-app/src/hooks/useLocalStorage.tsx": {"lines":{"total":13,"covered":13,"skipped":0,"pct":100},"functions":{"total":4,"covered":4,"skipped":0,"pct":100},"statements":{"total":13,"covered":13,"skipped":0,"pct":100},"branches":{"total":0,"covered":0,"skipped":0,"pct":100}}
,"/Users/clara/Documents/Code/projet-final/ma-seance-app/src/models/User.ts": {"lines":{"total":0,"covered":0,"skipped":0,"pct":100},"functions":{"total":0,"covered":0,"skipped":0,"pct":100},"statements":{"total":0,"covered":0,"skipped":0,"pct":100},"branches":{"total":0,"covered":0,"skipped":0,"pct":100}}
,"/Users/clara/Documents/Code/projet-final/ma-seance-app/src/pages/agenda/Agenda.tsx": {"lines":{"total":2,"covered":0,"skipped":0,"pct":0},"functions":{"total":1,"covered":0,"skipped":0,"pct":0},"statements":{"total":2,"covered":0,"skipped":0,"pct":0},"branches":{"total":0,"covered":0,"skipped":0,"pct":100}}
,"/Users/clara/Documents/Code/projet-final/ma-seance-app/src/pages/currently/Currently.tsx": {"lines":{"total":2,"covered":0,"skipped":0,"pct":0},"functions":{"total":1,"covered":0,"skipped":0,"pct":0},"statements":{"total":2,"covered":0,"skipped":0,"pct":0},"branches":{"total":0,"covered":0,"skipped":0,"pct":100}}
,"/Users/clara/Documents/Code/projet-final/ma-seance-app/src/pages/error/Error.tsx": {"lines":{"total":6,"covered":0,"skipped":0,"pct":0},"functions":{"total":1,"covered":0,"skipped":0,"pct":0},"statements":{"total":6,"covered":0,"skipped":0,"pct":0},"branches":{"total":2,"covered":0,"skipped":0,"pct":0}}
,"/Users/clara/Documents/Code/projet-final/ma-seance-app/src/pages/home/Home.tsx": {"lines":{"total":8,"covered":0,"skipped":0,"pct":0},"functions":{"total":2,"covered":0,"skipped":0,"pct":0},"statements":{"total":8,"covered":0,"skipped":0,"pct":0},"branches":{"total":4,"covered":0,"skipped":0,"pct":0}}
,"/Users/clara/Documents/Code/projet-final/ma-seance-app/src/pages/login/Login.tsx": {"lines":{"total":9,"covered":0,"skipped":0,"pct":0},"functions":{"total":4,"covered":0,"skipped":0,"pct":0},"statements":{"total":9,"covered":0,"skipped":0,"pct":0},"branches":{"total":6,"covered":0,"skipped":0,"pct":0}}
,"/Users/clara/Documents/Code/projet-final/ma-seance-app/src/pages/movie/Movie.tsx": {"lines":{"total":2,"covered":0,"skipped":0,"pct":0},"functions":{"total":1,"covered":0,"skipped":0,"pct":0},"statements":{"total":2,"covered":0,"skipped":0,"pct":0},"branches":{"total":0,"covered":0,"skipped":0,"pct":100}}
,"/Users/clara/Documents/Code/projet-final/ma-seance-app/src/pages/profile/Profile.tsx": {"lines":{"total":2,"covered":0,"skipped":0,"pct":0},"functions":{"total":1,"covered":0,"skipped":0,"pct":0},"statements":{"total":2,"covered":0,"skipped":0,"pct":0},"branches":{"total":0,"covered":0,"skipped":0,"pct":100}}
,"/Users/clara/Documents/Code/projet-final/ma-seance-app/src/pages/screening/Screening.tsx": {"lines":{"total":2,"covered":0,"skipped":0,"pct":0},"functions":{"total":1,"covered":0,"skipped":0,"pct":0},"statements":{"total":2,"covered":0,"skipped":0,"pct":0},"branches":{"total":0,"covered":0,"skipped":0,"pct":100}}
,"/Users/clara/Documents/Code/projet-final/ma-seance-app/src/pages/search/Search.tsx": {"lines":{"total":2,"covered":0,"skipped":0,"pct":0},"functions":{"total":1,"covered":0,"skipped":0,"pct":0},"statements":{"total":2,"covered":0,"skipped":0,"pct":0},"branches":{"total":0,"covered":0,"skipped":0,"pct":100}}
,"/Users/clara/Documents/Code/projet-final/ma-seance-app/src/pages/theater/Theater.tsx": {"lines":{"total":2,"covered":0,"skipped":0,"pct":0},"functions":{"total":1,"covered":0,"skipped":0,"pct":0},"statements":{"total":2,"covered":0,"skipped":0,"pct":0},"branches":{"total":0,"covered":0,"skipped":0,"pct":100}}
}
