{"/Users/clara/Documents/Code/projet-final/ma-seance-app/src/App.tsx": {"path":"/Users/clara/Documents/Code/projet-final/ma-seance-app/src/App.tsx","statementMap":{"0":{"start":{"line":6,"column":4},"end":{"line":10,"column":6}}},"fnMap":{"0":{"name":"App","decl":{"start":{"line":5,"column":9},"end":{"line":5,"column":12}},"loc":{"start":{"line":5,"column":15},"end":{"line":11,"column":1}},"line":5}},"branchMap":{},"s":{"0":2},"f":{"0":2},"b":{},"_coverageSchema":"1a1c01bbd47fc00a2c39e90264f33305004495a9","hash":"cea3b275f55c10328c517fee7b8a4a201ff4c254"}
,"/Users/clara/Documents/Code/projet-final/ma-seance-app/src/AppRouter.tsx": {"path":"/Users/clara/Documents/Code/projet-final/ma-seance-app/src/AppRouter.tsx","statementMap":{"0":{"start":{"line":15,"column":18},"end":{"line":23,"column":1}},"1":{"start":{"line":16,"column":4},"end":{"line":22,"column":6}},"2":{"start":{"line":25,"column":18},"end":{"line":76,"column":1}},"3":{"start":{"line":26,"column":19},"end":{"line":74,"column":6}},"4":{"start":{"line":75,"column":4},"end":{"line":75,"column":46}}},"fnMap":{"0":{"name":"(anonymous_0)","decl":{"start":{"line":15,"column":18},"end":{"line":15,"column":19}},"loc":{"start":{"line":15,"column":24},"end":{"line":23,"column":1}},"line":15},"1":{"name":"(anonymous_1)","decl":{"start":{"line":25,"column":18},"end":{"line":25,"column":19}},"loc":{"start":{"line":25,"column":24},"end":{"line":76,"column":1}},"line":25}},"branchMap":{},"s":{"0":1,"1":0,"2":1,"3":2,"4":2},"f":{"0":0,"1":2},"b":{},"_coverageSchema":"1a1c01bbd47fc00a2c39e90264f33305004495a9","hash":"b0129cf40f28ca712f2319f1ef845b97954bef99"}
,"/Users/clara/Documents/Code/projet-final/ma-seance-app/src/index.tsx": {"path":"/Users/clara/Documents/Code/projet-final/ma-seance-app/src/index.tsx","statementMap":{"0":{"start":{"line":7,"column":13},"end":{"line":7,"column":80}},"1":{"start":{"line":8,"column":0},"end":{"line":12,"column":2}},"2":{"start":{"line":17,"column":0},"end":{"line":17,"column":18}}},"fnMap":{},"branchMap":{},"s":{"0":0,"1":0,"2":0},"f":{},"b":{}}
,"/Users/clara/Documents/Code/projet-final/ma-seance-app/src/reportWebVitals.ts": {"path":"/Users/clara/Documents/Code/projet-final/ma-seance-app/src/reportWebVitals.ts","statementMap":{"0":{"start":{"line":3,"column":24},"end":{"line":13,"column":1}},"1":{"start":{"line":4,"column":4},"end":{"line":12,"column":5}},"2":{"start":{"line":5,"column":8},"end":{"line":11,"column":11}},"3":{"start":{"line":6,"column":12},"end":{"line":6,"column":32}},"4":{"start":{"line":7,"column":12},"end":{"line":7,"column":32}},"5":{"start":{"line":8,"column":12},"end":{"line":8,"column":32}},"6":{"start":{"line":9,"column":12},"end":{"line":9,"column":32}},"7":{"start":{"line":10,"column":12},"end":{"line":10,"column":33}}},"fnMap":{"0":{"name":"(anonymous_0)","decl":{"start":{"line":3,"column":24},"end":{"line":3,"column":25}},"loc":{"start":{"line":3,"column":57},"end":{"line":13,"column":1}},"line":3},"1":{"name":"(anonymous_1)","decl":{"start":{"line":5,"column":34},"end":{"line":5,"column":35}},"loc":{"start":{"line":5,"column":83},"end":{"line":11,"column":9}},"line":5}},"branchMap":{"0":{"loc":{"start":{"line":4,"column":4},"end":{"line":12,"column":5}},"type":"if","locations":[{"start":{"line":4,"column":4},"end":{"line":12,"column":5}},{"start":{},"end":{}}],"line":4},"1":{"loc":{"start":{"line":4,"column":8},"end":{"line":4,"column":54}},"type":"binary-expr","locations":[{"start":{"line":4,"column":8},"end":{"line":4,"column":19}},{"start":{"line":4,"column":23},"end":{"line":4,"column":54}}],"line":4}},"s":{"0":0,"1":0,"2":0,"3":0,"4":0,"5":0,"6":0,"7":0},"f":{"0":0,"1":0},"b":{"0":[0,0],"1":[0,0]}}
,"/Users/clara/Documents/Code/projet-final/ma-seance-app/src/client/auth.client.tsx": {"path":"/Users/clara/Documents/Code/projet-final/ma-seance-app/src/client/auth.client.tsx","statementMap":{"0":{"start":{"line":4,"column":23},"end":{"line":4,"column":51}},"1":{"start":{"line":5,"column":25},"end":{"line":5,"column":55}},"2":{"start":{"line":6,"column":26},"end":{"line":6,"column":57}},"3":{"start":{"line":8,"column":25},"end":{"line":22,"column":1}},"4":{"start":{"line":9,"column":4},"end":{"line":21,"column":11}},"5":{"start":{"line":15,"column":12},"end":{"line":15,"column":80}},"6":{"start":{"line":16,"column":12},"end":{"line":16,"column":33}},"7":{"start":{"line":19,"column":12},"end":{"line":19,"column":74}},"8":{"start":{"line":20,"column":12},"end":{"line":20,"column":24}},"9":{"start":{"line":24,"column":34},"end":{"line":40,"column":1}},"10":{"start":{"line":25,"column":4},"end":{"line":39,"column":11}},"11":{"start":{"line":30,"column":12},"end":{"line":30,"column":84}},"12":{"start":{"line":31,"column":12},"end":{"line":33,"column":13}},"13":{"start":{"line":32,"column":16},"end":{"line":32,"column":44}},"14":{"start":{"line":34,"column":12},"end":{"line":34,"column":66}},"15":{"start":{"line":37,"column":12},"end":{"line":37,"column":84}},"16":{"start":{"line":38,"column":12},"end":{"line":38,"column":24}},"17":{"start":{"line":42,"column":22},"end":{"line":57,"column":1}},"18":{"start":{"line":43,"column":4},"end":{"line":56,"column":11}},"19":{"start":{"line":50,"column":12},"end":{"line":50,"column":83}},"20":{"start":{"line":51,"column":12},"end":{"line":51,"column":33}},"21":{"start":{"line":54,"column":12},"end":{"line":54,"column":75}},"22":{"start":{"line":55,"column":12},"end":{"line":55,"column":24}}},"fnMap":{"0":{"name":"(anonymous_0)","decl":{"start":{"line":8,"column":25},"end":{"line":8,"column":26}},"loc":{"start":{"line":8,"column":83},"end":{"line":22,"column":1}},"line":8},"1":{"name":"(anonymous_1)","decl":{"start":{"line":14,"column":14},"end":{"line":14,"column":15}},"loc":{"start":{"line":14,"column":26},"end":{"line":17,"column":9}},"line":14},"2":{"name":"(anonymous_2)","decl":{"start":{"line":18,"column":15},"end":{"line":18,"column":16}},"loc":{"start":{"line":18,"column":24},"end":{"line":21,"column":9}},"line":18},"3":{"name":"(anonymous_3)","decl":{"start":{"line":24,"column":34},"end":{"line":24,"column":35}},"loc":{"start":{"line":24,"column":77},"end":{"line":40,"column":1}},"line":24},"4":{"name":"(anonymous_4)","decl":{"start":{"line":29,"column":14},"end":{"line":29,"column":15}},"loc":{"start":{"line":29,"column":26},"end":{"line":35,"column":9}},"line":29},"5":{"name":"(anonymous_5)","decl":{"start":{"line":36,"column":15},"end":{"line":36,"column":16}},"loc":{"start":{"line":36,"column":24},"end":{"line":39,"column":9}},"line":36},"6":{"name":"(anonymous_6)","decl":{"start":{"line":42,"column":22},"end":{"line":42,"column":23}},"loc":{"start":{"line":42,"column":96},"end":{"line":57,"column":1}},"line":42},"7":{"name":"(anonymous_7)","decl":{"start":{"line":49,"column":14},"end":{"line":49,"column":15}},"loc":{"start":{"line":49,"column":26},"end":{"line":52,"column":9}},"line":49},"8":{"name":"(anonymous_8)","decl":{"start":{"line":53,"column":15},"end":{"line":53,"column":16}},"loc":{"start":{"line":53,"column":24},"end":{"line":56,"column":9}},"line":53}},"branchMap":{"0":{"loc":{"start":{"line":31,"column":12},"end":{"line":33,"column":13}},"type":"if","locations":[{"start":{"line":31,"column":12},"end":{"line":33,"column":13}},{"start":{},"end":{}}],"line":31},"1":{"loc":{"start":{"line":31,"column":16},"end":{"line":31,"column":74}},"type":"binary-expr","locations":[{"start":{"line":31,"column":16},"end":{"line":31,"column":29}},{"start":{"line":31,"column":33},"end":{"line":31,"column":74}}],"line":31}},"s":{"0":4,"1":4,"2":4,"3":4,"4":3,"5":2,"6":2,"7":1,"8":1,"9":4,"10":4,"11":3,"12":3,"13":2,"14":1,"15":2,"16":2,"17":4,"18":3,"19":2,"20":2,"21":1,"22":1},"f":{"0":3,"1":2,"2":1,"3":4,"4":3,"5":2,"6":3,"7":2,"8":1},"b":{"0":[2,1],"1":[3,3]},"_coverageSchema":"1a1c01bbd47fc00a2c39e90264f33305004495a9","hash":"faadb8b7b8c24855e13db13da65e679a34e1d969"}
,"/Users/clara/Documents/Code/projet-final/ma-seance-app/src/component/common/footer/Footer.tsx": {"path":"/Users/clara/Documents/Code/projet-final/ma-seance-app/src/component/common/footer/Footer.tsx","statementMap":{"0":{"start":{"line":4,"column":15},"end":{"line":102,"column":1}},"1":{"start":{"line":5,"column":4},"end":{"line":101,"column":6}}},"fnMap":{"0":{"name":"(anonymous_0)","decl":{"start":{"line":4,"column":15},"end":{"line":4,"column":16}},"loc":{"start":{"line":4,"column":21},"end":{"line":102,"column":1}},"line":4}},"branchMap":{},"s":{"0":2,"1":1},"f":{"0":1},"b":{},"_coverageSchema":"1a1c01bbd47fc00a2c39e90264f33305004495a9","hash":"5781e2ece9777ebee1ac65b718937047270b343e"}
,"/Users/clara/Documents/Code/projet-final/ma-seance-app/src/component/common/header/Header.tsx": {"path":"/Users/clara/Documents/Code/projet-final/ma-seance-app/src/component/common/header/Header.tsx","statementMap":{"0":{"start":{"line":5,"column":15},"end":{"line":85,"column":1}},"1":{"start":{"line":6,"column":4},"end":{"line":84,"column":6}}},"fnMap":{"0":{"name":"(anonymous_0)","decl":{"start":{"line":5,"column":15},"end":{"line":5,"column":16}},"loc":{"start":{"line":5,"column":21},"end":{"line":85,"column":1}},"line":5}},"branchMap":{},"s":{"0":2,"1":1},"f":{"0":1},"b":{},"_coverageSchema":"1a1c01bbd47fc00a2c39e90264f33305004495a9","hash":"e82579298cf56ca088be38ab7fa2a1105a475fa7"}
,"/Users/clara/Documents/Code/projet-final/ma-seance-app/src/component/common/searchbar/Searchbar.tsx": {"path":"/Users/clara/Documents/Code/projet-final/ma-seance-app/src/component/common/searchbar/Searchbar.tsx","statementMap":{"0":{"start":{"line":3,"column":18},"end":{"line":35,"column":1}},"1":{"start":{"line":4,"column":4},"end":{"line":34,"column":6}}},"fnMap":{"0":{"name":"(anonymous_0)","decl":{"start":{"line":3,"column":18},"end":{"line":3,"column":19}},"loc":{"start":{"line":3,"column":24},"end":{"line":35,"column":1}},"line":3}},"branchMap":{},"s":{"0":3,"1":2},"f":{"0":2},"b":{},"_coverageSchema":"1a1c01bbd47fc00a2c39e90264f33305004495a9","hash":"8915f53fbb545d8251991ed190c8b9bd278199d4"}
,"/Users/clara/Documents/Code/projet-final/ma-seance-app/src/component/login/account-creation/AccountCreation.tsx": {"path":"/Users/clara/Documents/Code/projet-final/ma-seance-app/src/component/login/account-creation/AccountCreation.tsx","statementMap":{"0":{"start":{"line":9,"column":24},"end":{"line":156,"column":1}},"1":{"start":{"line":10,"column":30},"end":{"line":10,"column":35}},"2":{"start":{"line":11,"column":51},"end":{"line":11,"column":60}},"3":{"start":{"line":13,"column":32},"end":{"line":13,"column":44}},"4":{"start":{"line":14,"column":30},"end":{"line":14,"column":42}},"5":{"start":{"line":15,"column":36},"end":{"line":15,"column":48}},"6":{"start":{"line":16,"column":42},"end":{"line":16,"column":54}},"7":{"start":{"line":17,"column":42},"end":{"line":17,"column":54}},"8":{"start":{"line":18,"column":40},"end":{"line":18,"column":52}},"9":{"start":{"line":19,"column":46},"end":{"line":19,"column":58}},"10":{"start":{"line":20,"column":42},"end":{"line":20,"column":54}},"11":{"start":{"line":22,"column":26},"end":{"line":25,"column":5}},"12":{"start":{"line":23,"column":8},"end":{"line":23,"column":27}},"13":{"start":{"line":24,"column":8},"end":{"line":24,"column":24}},"14":{"start":{"line":27,"column":26},"end":{"line":39,"column":5}},"15":{"start":{"line":28,"column":27},"end":{"line":28,"column":55}},"16":{"start":{"line":29,"column":8},"end":{"line":38,"column":9}},"17":{"start":{"line":30,"column":12},"end":{"line":35,"column":13}},"18":{"start":{"line":31,"column":16},"end":{"line":31,"column":65}},"19":{"start":{"line":32,"column":16},"end":{"line":32,"column":32}},"20":{"start":{"line":34,"column":16},"end":{"line":34,"column":61}},"21":{"start":{"line":37,"column":12},"end":{"line":37,"column":75}},"22":{"start":{"line":41,"column":24},"end":{"line":77,"column":5}},"23":{"start":{"line":42,"column":8},"end":{"line":42,"column":27}},"24":{"start":{"line":43,"column":8},"end":{"line":43,"column":26}},"25":{"start":{"line":44,"column":8},"end":{"line":44,"column":29}},"26":{"start":{"line":46,"column":8},"end":{"line":49,"column":9}},"27":{"start":{"line":47,"column":12},"end":{"line":47,"column":52}},"28":{"start":{"line":48,"column":12},"end":{"line":48,"column":25}},"29":{"start":{"line":51,"column":8},"end":{"line":54,"column":9}},"30":{"start":{"line":52,"column":12},"end":{"line":52,"column":57}},"31":{"start":{"line":53,"column":12},"end":{"line":53,"column":25}},"32":{"start":{"line":56,"column":8},"end":{"line":59,"column":9}},"33":{"start":{"line":57,"column":12},"end":{"line":57,"column":70}},"34":{"start":{"line":58,"column":12},"end":{"line":58,"column":25}},"35":{"start":{"line":61,"column":8},"end":{"line":64,"column":9}},"36":{"start":{"line":62,"column":12},"end":{"line":62,"column":58}},"37":{"start":{"line":63,"column":12},"end":{"line":63,"column":25}},"38":{"start":{"line":66,"column":8},"end":{"line":69,"column":9}},"39":{"start":{"line":67,"column":12},"end":{"line":67,"column":75}},"40":{"start":{"line":68,"column":12},"end":{"line":68,"column":25}},"41":{"start":{"line":71,"column":8},"end":{"line":74,"column":9}},"42":{"start":{"line":72,"column":12},"end":{"line":72,"column":84}},"43":{"start":{"line":73,"column":12},"end":{"line":73,"column":25}},"44":{"start":{"line":76,"column":8},"end":{"line":76,"column":20}},"45":{"start":{"line":79,"column":4},"end":{"line":155,"column":6}},"46":{"start":{"line":80,"column":61},"end":{"line":80,"column":81}},"47":{"start":{"line":93,"column":39},"end":{"line":93,"column":68}},"48":{"start":{"line":110,"column":39},"end":{"line":110,"column":67}},"49":{"start":{"line":127,"column":39},"end":{"line":127,"column":70}},"50":{"start":{"line":144,"column":36},"end":{"line":144,"column":67}}},"fnMap":{"0":{"name":"(anonymous_0)","decl":{"start":{"line":9,"column":24},"end":{"line":9,"column":25}},"loc":{"start":{"line":9,"column":57},"end":{"line":156,"column":1}},"line":9},"1":{"name":"(anonymous_1)","decl":{"start":{"line":22,"column":26},"end":{"line":22,"column":27}},"loc":{"start":{"line":22,"column":61},"end":{"line":25,"column":5}},"line":22},"2":{"name":"(anonymous_2)","decl":{"start":{"line":27,"column":26},"end":{"line":27,"column":27}},"loc":{"start":{"line":27,"column":38},"end":{"line":39,"column":5}},"line":27},"3":{"name":"(anonymous_3)","decl":{"start":{"line":41,"column":24},"end":{"line":41,"column":25}},"loc":{"start":{"line":41,"column":39},"end":{"line":77,"column":5}},"line":41},"4":{"name":"(anonymous_4)","decl":{"start":{"line":80,"column":52},"end":{"line":80,"column":53}},"loc":{"start":{"line":80,"column":61},"end":{"line":80,"column":81}},"line":80},"5":{"name":"(anonymous_5)","decl":{"start":{"line":93,"column":30},"end":{"line":93,"column":31}},"loc":{"start":{"line":93,"column":39},"end":{"line":93,"column":68}},"line":93},"6":{"name":"(anonymous_6)","decl":{"start":{"line":110,"column":30},"end":{"line":110,"column":31}},"loc":{"start":{"line":110,"column":39},"end":{"line":110,"column":67}},"line":110},"7":{"name":"(anonymous_7)","decl":{"start":{"line":127,"column":30},"end":{"line":127,"column":31}},"loc":{"start":{"line":127,"column":39},"end":{"line":127,"column":70}},"line":127},"8":{"name":"(anonymous_8)","decl":{"start":{"line":144,"column":30},"end":{"line":144,"column":31}},"loc":{"start":{"line":144,"column":36},"end":{"line":144,"column":67}},"line":144}},"branchMap":{"0":{"loc":{"start":{"line":29,"column":8},"end":{"line":38,"column":9}},"type":"if","locations":[{"start":{"line":29,"column":8},"end":{"line":38,"column":9}},{"start":{"line":36,"column":15},"end":{"line":38,"column":9}}],"line":29},"1":{"loc":{"start":{"line":30,"column":12},"end":{"line":35,"column":13}},"type":"if","locations":[{"start":{"line":30,"column":12},"end":{"line":35,"column":13}},{"start":{"line":33,"column":19},"end":{"line":35,"column":13}}],"line":30},"2":{"loc":{"start":{"line":46,"column":8},"end":{"line":49,"column":9}},"type":"if","locations":[{"start":{"line":46,"column":8},"end":{"line":49,"column":9}},{"start":{},"end":{}}],"line":46},"3":{"loc":{"start":{"line":51,"column":8},"end":{"line":54,"column":9}},"type":"if","locations":[{"start":{"line":51,"column":8},"end":{"line":54,"column":9}},{"start":{},"end":{}}],"line":51},"4":{"loc":{"start":{"line":56,"column":8},"end":{"line":59,"column":9}},"type":"if","locations":[{"start":{"line":56,"column":8},"end":{"line":59,"column":9}},{"start":{},"end":{}}],"line":56},"5":{"loc":{"start":{"line":61,"column":8},"end":{"line":64,"column":9}},"type":"if","locations":[{"start":{"line":61,"column":8},"end":{"line":64,"column":9}},{"start":{},"end":{}}],"line":61},"6":{"loc":{"start":{"line":66,"column":8},"end":{"line":69,"column":9}},"type":"if","locations":[{"start":{"line":66,"column":8},"end":{"line":69,"column":9}},{"start":{},"end":{}}],"line":66},"7":{"loc":{"start":{"line":71,"column":8},"end":{"line":74,"column":9}},"type":"if","locations":[{"start":{"line":71,"column":8},"end":{"line":74,"column":9}},{"start":{},"end":{}}],"line":71},"8":{"loc":{"start":{"line":94,"column":31},"end":{"line":94,"column":66}},"type":"cond-expr","locations":[{"start":{"line":94,"column":45},"end":{"line":94,"column":61}},{"start":{"line":94,"column":64},"end":{"line":94,"column":66}}],"line":94},"9":{"loc":{"start":{"line":111,"column":31},"end":{"line":111,"column":61}},"type":"binary-expr","locations":[{"start":{"line":111,"column":31},"end":{"line":111,"column":41}},{"start":{"line":111,"column":45},"end":{"line":111,"column":61}}],"line":111},"10":{"loc":{"start":{"line":128,"column":31},"end":{"line":128,"column":64}},"type":"binary-expr","locations":[{"start":{"line":128,"column":31},"end":{"line":128,"column":44}},{"start":{"line":128,"column":48},"end":{"line":128,"column":64}}],"line":128},"11":{"loc":{"start":{"line":145,"column":31},"end":{"line":145,"column":64}},"type":"binary-expr","locations":[{"start":{"line":145,"column":31},"end":{"line":145,"column":44}},{"start":{"line":145,"column":48},"end":{"line":145,"column":64}}],"line":145}},"s":{"0":2,"1":2,"2":2,"3":2,"4":2,"5":2,"6":2,"7":2,"8":2,"9":2,"10":2,"11":2,"12":0,"13":0,"14":2,"15":0,"16":0,"17":0,"18":0,"19":0,"20":0,"21":0,"22":2,"23":0,"24":0,"25":0,"26":0,"27":0,"28":0,"29":0,"30":0,"31":0,"32":0,"33":0,"34":0,"35":0,"36":0,"37":0,"38":0,"39":0,"40":0,"41":0,"42":0,"43":0,"44":0,"45":2,"46":0,"47":0,"48":0,"49":0,"50":0},"f":{"0":2,"1":0,"2":0,"3":0,"4":0,"5":0,"6":0,"7":0,"8":0},"b":{"0":[0,0],"1":[0,0],"2":[0,0],"3":[0,0],"4":[0,0],"5":[0,0],"6":[0,0],"7":[0,0],"8":[0,2],"9":[2,0],"10":[2,0],"11":[2,0]},"_coverageSchema":"1a1c01bbd47fc00a2c39e90264f33305004495a9","hash":"147ea88ff9ba2516a0f23f1d6b3456f830bc33ba"}
,"/Users/clara/Documents/Code/projet-final/ma-seance-app/src/component/login/login-form/LoginForm.tsx": {"path":"/Users/clara/Documents/Code/projet-final/ma-seance-app/src/component/login/login-form/LoginForm.tsx","statementMap":{"0":{"start":{"line":6,"column":18},"end":{"line":95,"column":1}},"1":{"start":{"line":7,"column":21},"end":{"line":7,"column":34}},"2":{"start":{"line":8,"column":41},"end":{"line":8,"column":50}},"3":{"start":{"line":10,"column":30},"end":{"line":10,"column":42}},"4":{"start":{"line":11,"column":36},"end":{"line":11,"column":48}},"5":{"start":{"line":12,"column":40},"end":{"line":12,"column":52}},"6":{"start":{"line":13,"column":46},"end":{"line":13,"column":58}},"7":{"start":{"line":14,"column":42},"end":{"line":14,"column":54}},"8":{"start":{"line":16,"column":26},"end":{"line":19,"column":5}},"9":{"start":{"line":17,"column":8},"end":{"line":17,"column":27}},"10":{"start":{"line":18,"column":8},"end":{"line":18,"column":16}},"11":{"start":{"line":21,"column":18},"end":{"line":34,"column":5}},"12":{"start":{"line":22,"column":8},"end":{"line":22,"column":27}},"13":{"start":{"line":23,"column":27},"end":{"line":23,"column":55}},"14":{"start":{"line":24,"column":8},"end":{"line":33,"column":9}},"15":{"start":{"line":25,"column":12},"end":{"line":30,"column":13}},"16":{"start":{"line":26,"column":16},"end":{"line":26,"column":47}},"17":{"start":{"line":27,"column":16},"end":{"line":27,"column":30}},"18":{"start":{"line":29,"column":16},"end":{"line":29,"column":23}},"19":{"start":{"line":32,"column":12},"end":{"line":32,"column":92}},"20":{"start":{"line":36,"column":24},"end":{"line":56,"column":5}},"21":{"start":{"line":37,"column":8},"end":{"line":37,"column":26}},"22":{"start":{"line":38,"column":8},"end":{"line":38,"column":29}},"23":{"start":{"line":40,"column":8},"end":{"line":43,"column":9}},"24":{"start":{"line":41,"column":12},"end":{"line":41,"column":57}},"25":{"start":{"line":42,"column":12},"end":{"line":42,"column":25}},"26":{"start":{"line":45,"column":8},"end":{"line":48,"column":9}},"27":{"start":{"line":46,"column":12},"end":{"line":46,"column":70}},"28":{"start":{"line":47,"column":12},"end":{"line":47,"column":25}},"29":{"start":{"line":50,"column":8},"end":{"line":53,"column":9}},"30":{"start":{"line":51,"column":12},"end":{"line":51,"column":58}},"31":{"start":{"line":52,"column":12},"end":{"line":52,"column":25}},"32":{"start":{"line":55,"column":8},"end":{"line":55,"column":20}},"33":{"start":{"line":58,"column":4},"end":{"line":94,"column":6}},"34":{"start":{"line":59,"column":61},"end":{"line":59,"column":81}},"35":{"start":{"line":68,"column":39},"end":{"line":68,"column":67}},"36":{"start":{"line":83,"column":39},"end":{"line":83,"column":70}}},"fnMap":{"0":{"name":"(anonymous_0)","decl":{"start":{"line":6,"column":18},"end":{"line":6,"column":19}},"loc":{"start":{"line":6,"column":24},"end":{"line":95,"column":1}},"line":6},"1":{"name":"(anonymous_1)","decl":{"start":{"line":16,"column":26},"end":{"line":16,"column":27}},"loc":{"start":{"line":16,"column":61},"end":{"line":19,"column":5}},"line":16},"2":{"name":"(anonymous_2)","decl":{"start":{"line":21,"column":18},"end":{"line":21,"column":19}},"loc":{"start":{"line":21,"column":30},"end":{"line":34,"column":5}},"line":21},"3":{"name":"(anonymous_3)","decl":{"start":{"line":36,"column":24},"end":{"line":36,"column":25}},"loc":{"start":{"line":36,"column":39},"end":{"line":56,"column":5}},"line":36},"4":{"name":"(anonymous_4)","decl":{"start":{"line":59,"column":52},"end":{"line":59,"column":53}},"loc":{"start":{"line":59,"column":61},"end":{"line":59,"column":81}},"line":59},"5":{"name":"(anonymous_5)","decl":{"start":{"line":68,"column":30},"end":{"line":68,"column":31}},"loc":{"start":{"line":68,"column":39},"end":{"line":68,"column":67}},"line":68},"6":{"name":"(anonymous_6)","decl":{"start":{"line":83,"column":30},"end":{"line":83,"column":31}},"loc":{"start":{"line":83,"column":39},"end":{"line":83,"column":70}},"line":83}},"branchMap":{"0":{"loc":{"start":{"line":24,"column":8},"end":{"line":33,"column":9}},"type":"if","locations":[{"start":{"line":24,"column":8},"end":{"line":33,"column":9}},{"start":{"line":31,"column":15},"end":{"line":33,"column":9}}],"line":24},"1":{"loc":{"start":{"line":25,"column":12},"end":{"line":30,"column":13}},"type":"if","locations":[{"start":{"line":25,"column":12},"end":{"line":30,"column":13}},{"start":{"line":28,"column":19},"end":{"line":30,"column":13}}],"line":25},"2":{"loc":{"start":{"line":40,"column":8},"end":{"line":43,"column":9}},"type":"if","locations":[{"start":{"line":40,"column":8},"end":{"line":43,"column":9}},{"start":{},"end":{}}],"line":40},"3":{"loc":{"start":{"line":45,"column":8},"end":{"line":48,"column":9}},"type":"if","locations":[{"start":{"line":45,"column":8},"end":{"line":48,"column":9}},{"start":{},"end":{}}],"line":45},"4":{"loc":{"start":{"line":50,"column":8},"end":{"line":53,"column":9}},"type":"if","locations":[{"start":{"line":50,"column":8},"end":{"line":53,"column":9}},{"start":{},"end":{}}],"line":50}},"s":{"0":2,"1":2,"2":2,"3":2,"4":2,"5":2,"6":2,"7":2,"8":2,"9":0,"10":0,"11":2,"12":0,"13":0,"14":0,"15":0,"16":0,"17":0,"18":0,"19":0,"20":2,"21":0,"22":0,"23":0,"24":0,"25":0,"26":0,"27":0,"28":0,"29":0,"30":0,"31":0,"32":0,"33":2,"34":0,"35":0,"36":0},"f":{"0":2,"1":0,"2":0,"3":0,"4":0,"5":0,"6":0},"b":{"0":[0,0],"1":[0,0],"2":[0,0],"3":[0,0],"4":[0,0]},"_coverageSchema":"1a1c01bbd47fc00a2c39e90264f33305004495a9","hash":"a0aaa9591b7fcfa422d8e398bc8c28f9c82efa4d"}
,"/Users/clara/Documents/Code/projet-final/ma-seance-app/src/context/auth.context.tsx": {"path":"/Users/clara/Documents/Code/projet-final/ma-seance-app/src/context/auth.context.tsx","statementMap":{"0":{"start":{"line":12,"column":37},"end":{"line":16,"column":1}},"1":{"start":{"line":19,"column":27},"end":{"line":19,"column":70}},"2":{"start":{"line":25,"column":28},"end":{"line":57,"column":1}},"3":{"start":{"line":26,"column":25},"end":{"line":26,"column":30}},"4":{"start":{"line":27,"column":36},"end":{"line":27,"column":53}},"5":{"start":{"line":28,"column":28},"end":{"line":31,"column":6}},"6":{"start":{"line":29,"column":27},"end":{"line":29,"column":55}},"7":{"start":{"line":30,"column":8},"end":{"line":30,"column":58}},"8":{"start":{"line":33,"column":4},"end":{"line":38,"column":11}},"9":{"start":{"line":34,"column":27},"end":{"line":34,"column":55}},"10":{"start":{"line":35,"column":8},"end":{"line":37,"column":9}},"11":{"start":{"line":36,"column":12},"end":{"line":36,"column":44}},"12":{"start":{"line":40,"column":27},"end":{"line":43,"column":5}},"13":{"start":{"line":41,"column":8},"end":{"line":41,"column":22}},"14":{"start":{"line":42,"column":8},"end":{"line":42,"column":46}},"15":{"start":{"line":45,"column":29},"end":{"line":48,"column":5}},"16":{"start":{"line":46,"column":8},"end":{"line":46,"column":22}},"17":{"start":{"line":47,"column":8},"end":{"line":47,"column":27}},"18":{"start":{"line":50,"column":38},"end":{"line":54,"column":5}},"19":{"start":{"line":56,"column":4},"end":{"line":56,"column":87}},"20":{"start":{"line":59,"column":30},"end":{"line":59,"column":59}},"21":{"start":{"line":59,"column":36},"end":{"line":59,"column":59}}},"fnMap":{"0":{"name":"(anonymous_0)","decl":{"start":{"line":14,"column":20},"end":{"line":14,"column":21}},"loc":{"start":{"line":14,"column":43},"end":{"line":14,"column":45}},"line":14},"1":{"name":"(anonymous_1)","decl":{"start":{"line":15,"column":22},"end":{"line":15,"column":23}},"loc":{"start":{"line":15,"column":28},"end":{"line":15,"column":30}},"line":15},"2":{"name":"(anonymous_2)","decl":{"start":{"line":25,"column":28},"end":{"line":25,"column":29}},"loc":{"start":{"line":25,"column":58},"end":{"line":57,"column":1}},"line":25},"3":{"name":"(anonymous_3)","decl":{"start":{"line":28,"column":50},"end":{"line":28,"column":51}},"loc":{"start":{"line":28,"column":56},"end":{"line":31,"column":5}},"line":28},"4":{"name":"(anonymous_4)","decl":{"start":{"line":33,"column":14},"end":{"line":33,"column":15}},"loc":{"start":{"line":33,"column":20},"end":{"line":38,"column":5}},"line":33},"5":{"name":"(anonymous_5)","decl":{"start":{"line":40,"column":27},"end":{"line":40,"column":28}},"loc":{"start":{"line":40,"column":50},"end":{"line":43,"column":5}},"line":40},"6":{"name":"(anonymous_6)","decl":{"start":{"line":45,"column":29},"end":{"line":45,"column":30}},"loc":{"start":{"line":45,"column":35},"end":{"line":48,"column":5}},"line":45},"7":{"name":"(anonymous_7)","decl":{"start":{"line":59,"column":30},"end":{"line":59,"column":31}},"loc":{"start":{"line":59,"column":36},"end":{"line":59,"column":59}},"line":59}},"branchMap":{"0":{"loc":{"start":{"line":30,"column":15},"end":{"line":30,"column":57}},"type":"cond-expr","locations":[{"start":{"line":30,"column":28},"end":{"line":30,"column":50}},{"start":{"line":30,"column":53},"end":{"line":30,"column":57}}],"line":30},"1":{"loc":{"start":{"line":35,"column":8},"end":{"line":37,"column":9}},"type":"if","locations":[{"start":{"line":35,"column":8},"end":{"line":37,"column":9}},{"start":{},"end":{}}],"line":35}},"s":{"0":5,"1":5,"2":5,"3":5,"4":4,"5":4,"6":3,"7":3,"8":4,"9":3,"10":3,"11":1,"12":4,"13":0,"14":0,"15":4,"16":0,"17":0,"18":4,"19":4,"20":5,"21":10},"f":{"0":1,"1":1,"2":5,"3":3,"4":3,"5":0,"6":0,"7":10},"b":{"0":[1,2],"1":[1,2]},"_coverageSchema":"1a1c01bbd47fc00a2c39e90264f33305004495a9","hash":"25d7871856d29da719c39651fbcc5cf61318db20"}
,"/Users/clara/Documents/Code/projet-final/ma-seance-app/src/hooks/useAuth.tsx": {"path":"/Users/clara/Documents/Code/projet-final/ma-seance-app/src/hooks/useAuth.tsx","statementMap":{"0":{"start":{"line":4,"column":23},"end":{"line":28,"column":1}},"1":{"start":{"line":5,"column":49},"end":{"line":5,"column":65}},"2":{"start":{"line":7,"column":20},"end":{"line":11,"column":5}},"3":{"start":{"line":8,"column":21},"end":{"line":8,"column":53}},"4":{"start":{"line":9,"column":8},"end":{"line":9,"column":29}},"5":{"start":{"line":10,"column":8},"end":{"line":10,"column":20}},"6":{"start":{"line":13,"column":28},"end":{"line":15,"column":5}},"7":{"start":{"line":14,"column":8},"end":{"line":14,"column":47}},"8":{"start":{"line":18,"column":30},"end":{"line":20,"column":5}},"9":{"start":{"line":19,"column":8},"end":{"line":19,"column":46}},"10":{"start":{"line":23,"column":19},"end":{"line":25,"column":5}},"11":{"start":{"line":24,"column":8},"end":{"line":24,"column":27}},"12":{"start":{"line":27,"column":4},"end":{"line":27,"column":67}}},"fnMap":{"0":{"name":"(anonymous_0)","decl":{"start":{"line":4,"column":23},"end":{"line":4,"column":24}},"loc":{"start":{"line":4,"column":29},"end":{"line":28,"column":1}},"line":4},"1":{"name":"(anonymous_1)","decl":{"start":{"line":7,"column":20},"end":{"line":7,"column":21}},"loc":{"start":{"line":7,"column":63},"end":{"line":11,"column":5}},"line":7},"2":{"name":"(anonymous_2)","decl":{"start":{"line":13,"column":28},"end":{"line":13,"column":29}},"loc":{"start":{"line":13,"column":71},"end":{"line":15,"column":5}},"line":13},"3":{"name":"(anonymous_3)","decl":{"start":{"line":18,"column":30},"end":{"line":18,"column":31}},"loc":{"start":{"line":18,"column":89},"end":{"line":20,"column":5}},"line":18},"4":{"name":"(anonymous_4)","decl":{"start":{"line":23,"column":19},"end":{"line":23,"column":20}},"loc":{"start":{"line":23,"column":25},"end":{"line":25,"column":5}},"line":23}},"branchMap":{},"s":{"0":3,"1":8,"2":8,"3":1,"4":1,"5":1,"6":8,"7":1,"8":8,"9":1,"10":8,"11":0,"12":8},"f":{"0":8,"1":1,"2":1,"3":1,"4":0},"b":{},"_coverageSchema":"1a1c01bbd47fc00a2c39e90264f33305004495a9","hash":"c728eb2b59525ba426ae45d76ab07c170373ac2f"}
,"/Users/clara/Documents/Code/projet-final/ma-seance-app/src/hooks/useLocalStorage.tsx": {"path":"/Users/clara/Documents/Code/projet-final/ma-seance-app/src/hooks/useLocalStorage.tsx","statementMap":{"0":{"start":{"line":3,"column":31},"end":{"line":23,"column":1}},"1":{"start":{"line":4,"column":30},"end":{"line":4,"column":59}},"2":{"start":{"line":6,"column":20},"end":{"line":9,"column":5}},"3":{"start":{"line":7,"column":8},"end":{"line":7,"column":41}},"4":{"start":{"line":8,"column":8},"end":{"line":8,"column":24}},"5":{"start":{"line":11,"column":20},"end":{"line":15,"column":5}},"6":{"start":{"line":12,"column":22},"end":{"line":12,"column":47}},"7":{"start":{"line":13,"column":8},"end":{"line":13,"column":24}},"8":{"start":{"line":14,"column":8},"end":{"line":14,"column":21}},"9":{"start":{"line":17,"column":23},"end":{"line":20,"column":5}},"10":{"start":{"line":18,"column":8},"end":{"line":18,"column":37}},"11":{"start":{"line":19,"column":8},"end":{"line":19,"column":23}},"12":{"start":{"line":22,"column":4},"end":{"line":22,"column":51}}},"fnMap":{"0":{"name":"(anonymous_0)","decl":{"start":{"line":3,"column":31},"end":{"line":3,"column":32}},"loc":{"start":{"line":3,"column":37},"end":{"line":23,"column":1}},"line":3},"1":{"name":"(anonymous_1)","decl":{"start":{"line":6,"column":20},"end":{"line":6,"column":21}},"loc":{"start":{"line":6,"column":52},"end":{"line":9,"column":5}},"line":6},"2":{"name":"(anonymous_2)","decl":{"start":{"line":11,"column":20},"end":{"line":11,"column":21}},"loc":{"start":{"line":11,"column":37},"end":{"line":15,"column":5}},"line":11},"3":{"name":"(anonymous_3)","decl":{"start":{"line":17,"column":23},"end":{"line":17,"column":24}},"loc":{"start":{"line":17,"column":40},"end":{"line":20,"column":5}},"line":17}},"branchMap":{},"s":{"0":6,"1":9,"2":9,"3":1,"4":1,"5":9,"6":1,"7":1,"8":1,"9":9,"10":1,"11":1,"12":9},"f":{"0":9,"1":1,"2":1,"3":1},"b":{},"_coverageSchema":"1a1c01bbd47fc00a2c39e90264f33305004495a9","hash":"d54c3e24a80b921707d67680bd939e86f77db571"}
,"/Users/clara/Documents/Code/projet-final/ma-seance-app/src/models/User.ts": {"path":"/Users/clara/Documents/Code/projet-final/ma-seance-app/src/models/User.ts","statementMap":{},"fnMap":{},"branchMap":{},"s":{},"f":{},"b":{}}
,"/Users/clara/Documents/Code/projet-final/ma-seance-app/src/pages/agenda/Agenda.tsx": {"path":"/Users/clara/Documents/Code/projet-final/ma-seance-app/src/pages/agenda/Agenda.tsx","statementMap":{"0":{"start":{"line":1,"column":15},"end":{"line":3,"column":1}},"1":{"start":{"line":2,"column":4},"end":{"line":2,"column":29}}},"fnMap":{"0":{"name":"(anonymous_0)","decl":{"start":{"line":1,"column":15},"end":{"line":1,"column":16}},"loc":{"start":{"line":1,"column":21},"end":{"line":3,"column":1}},"line":1}},"branchMap":{},"s":{"0":1,"1":0},"f":{"0":0},"b":{},"_coverageSchema":"1a1c01bbd47fc00a2c39e90264f33305004495a9","hash":"4061d12da9d11b7744b05cee4dfc09a13e9d558d"}
,"/Users/clara/Documents/Code/projet-final/ma-seance-app/src/pages/currently/Currently.tsx": {"path":"/Users/clara/Documents/Code/projet-final/ma-seance-app/src/pages/currently/Currently.tsx","statementMap":{"0":{"start":{"line":1,"column":18},"end":{"line":3,"column":1}},"1":{"start":{"line":2,"column":4},"end":{"line":2,"column":32}}},"fnMap":{"0":{"name":"(anonymous_0)","decl":{"start":{"line":1,"column":18},"end":{"line":1,"column":19}},"loc":{"start":{"line":1,"column":24},"end":{"line":3,"column":1}},"line":1}},"branchMap":{},"s":{"0":1,"1":0},"f":{"0":0},"b":{},"_coverageSchema":"1a1c01bbd47fc00a2c39e90264f33305004495a9","hash":"68f130bb86016f11267d2c5fd0035664a39ce101"}
,"/Users/clara/Documents/Code/projet-final/ma-seance-app/src/pages/error/Error.tsx": {"path":"/Users/clara/Documents/Code/projet-final/ma-seance-app/src/pages/error/Error.tsx","statementMap":{"0":{"start":{"line":3,"column":18},"end":{"line":18,"column":1}},"1":{"start":{"line":4,"column":18},"end":{"line":4,"column":33}},"2":{"start":{"line":5,"column":4},"end":{"line":5,"column":25}},"3":{"start":{"line":6,"column":4},"end":{"line":17,"column":5}},"4":{"start":{"line":7,"column":8},"end":{"line":14,"column":10}},"5":{"start":{"line":16,"column":8},"end":{"line":16,"column":55}}},"fnMap":{"0":{"name":"(anonymous_0)","decl":{"start":{"line":3,"column":18},"end":{"line":3,"column":19}},"loc":{"start":{"line":3,"column":24},"end":{"line":18,"column":1}},"line":3}},"branchMap":{"0":{"loc":{"start":{"line":6,"column":4},"end":{"line":17,"column":5}},"type":"if","locations":[{"start":{"line":6,"column":4},"end":{"line":17,"column":5}},{"start":{"line":15,"column":11},"end":{"line":17,"column":5}}],"line":6}},"s":{"0":1,"1":0,"2":0,"3":0,"4":0,"5":0},"f":{"0":0},"b":{"0":[0,0]},"_coverageSchema":"1a1c01bbd47fc00a2c39e90264f33305004495a9","hash":"4c8cb0ed58fd2ecfe4974840be44f8f7310c3efc"}
,"/Users/clara/Documents/Code/projet-final/ma-seance-app/src/pages/home/Home.tsx": {"path":"/Users/clara/Documents/Code/projet-final/ma-seance-app/src/pages/home/Home.tsx","statementMap":{"0":{"start":{"line":4,"column":26},"end":{"line":10,"column":1}},"1":{"start":{"line":5,"column":24},"end":{"line":5,"column":52}},"2":{"start":{"line":6,"column":4},"end":{"line":8,"column":5}},"3":{"start":{"line":7,"column":8},"end":{"line":7,"column":34}},"4":{"start":{"line":9,"column":4},"end":{"line":9,"column":16}},"5":{"start":{"line":12,"column":13},"end":{"line":23,"column":1}},"6":{"start":{"line":13,"column":28},"end":{"line":13,"column":44}},"7":{"start":{"line":15,"column":4},"end":{"line":22,"column":6}}},"fnMap":{"0":{"name":"(anonymous_0)","decl":{"start":{"line":4,"column":26},"end":{"line":4,"column":27}},"loc":{"start":{"line":4,"column":38},"end":{"line":10,"column":1}},"line":4},"1":{"name":"(anonymous_1)","decl":{"start":{"line":12,"column":13},"end":{"line":12,"column":14}},"loc":{"start":{"line":12,"column":19},"end":{"line":23,"column":1}},"line":12}},"branchMap":{"0":{"loc":{"start":{"line":6,"column":4},"end":{"line":8,"column":5}},"type":"if","locations":[{"start":{"line":6,"column":4},"end":{"line":8,"column":5}},{"start":{},"end":{}}],"line":6},"1":{"loc":{"start":{"line":19,"column":84},"end":{"line":19,"column":117}},"type":"binary-expr","locations":[{"start":{"line":19,"column":84},"end":{"line":19,"column":95}},{"start":{"line":19,"column":99},"end":{"line":19,"column":117}}],"line":19}},"s":{"0":2,"1":1,"2":1,"3":1,"4":0,"5":2,"6":1,"7":1},"f":{"0":1,"1":1},"b":{"0":[1,0],"1":[1,0]},"_coverageSchema":"1a1c01bbd47fc00a2c39e90264f33305004495a9","hash":"789b9ebf5a18235a1df462f84272f7f4f7eef476"}
,"/Users/clara/Documents/Code/projet-final/ma-seance-app/src/pages/login/Login.tsx": {"path":"/Users/clara/Documents/Code/projet-final/ma-seance-app/src/pages/login/Login.tsx","statementMap":{"0":{"start":{"line":6,"column":14},"end":{"line":71,"column":1}},"1":{"start":{"line":7,"column":36},"end":{"line":7,"column":55}},"2":{"start":{"line":9,"column":25},"end":{"line":11,"column":5}},"3":{"start":{"line":10,"column":8},"end":{"line":10,"column":29}},"4":{"start":{"line":13,"column":31},"end":{"line":15,"column":5}},"5":{"start":{"line":14,"column":8},"end":{"line":14,"column":39}},"6":{"start":{"line":17,"column":31},"end":{"line":19,"column":5}},"7":{"start":{"line":18,"column":8},"end":{"line":18,"column":31}},"8":{"start":{"line":21,"column":4},"end":{"line":70,"column":6}}},"fnMap":{"0":{"name":"(anonymous_0)","decl":{"start":{"line":6,"column":14},"end":{"line":6,"column":15}},"loc":{"start":{"line":6,"column":20},"end":{"line":71,"column":1}},"line":6},"1":{"name":"(anonymous_1)","decl":{"start":{"line":9,"column":25},"end":{"line":9,"column":26}},"loc":{"start":{"line":9,"column":31},"end":{"line":11,"column":5}},"line":9},"2":{"name":"(anonymous_2)","decl":{"start":{"line":13,"column":31},"end":{"line":13,"column":32}},"loc":{"start":{"line":13,"column":37},"end":{"line":15,"column":5}},"line":13},"3":{"name":"(anonymous_3)","decl":{"start":{"line":17,"column":31},"end":{"line":17,"column":32}},"loc":{"start":{"line":17,"column":37},"end":{"line":19,"column":5}},"line":17}},"branchMap":{"0":{"loc":{"start":{"line":23,"column":13},"end":{"line":40,"column":13}},"type":"binary-expr","locations":[{"start":{"line":23,"column":13},"end":{"line":23,"column":35}},{"start":{"line":24,"column":16},"end":{"line":39,"column":23}}],"line":23},"1":{"loc":{"start":{"line":42,"column":13},"end":{"line":57,"column":13}},"type":"binary-expr","locations":[{"start":{"line":42,"column":13},"end":{"line":42,"column":33}},{"start":{"line":43,"column":16},"end":{"line":56,"column":23}}],"line":42},"2":{"loc":{"start":{"line":59,"column":13},"end":{"line":68,"column":13}},"type":"binary-expr","locations":[{"start":{"line":59,"column":13},"end":{"line":59,"column":43}},{"start":{"line":60,"column":16},"end":{"line":67,"column":23}}],"line":59}},"s":{"0":2,"1":11,"2":11,"3":2,"4":11,"5":2,"6":11,"7":2,"8":11},"f":{"0":11,"1":2,"2":2,"3":2},"b":{"0":[11,7],"1":[11,2],"2":[11,2]},"_coverageSchema":"1a1c01bbd47fc00a2c39e90264f33305004495a9","hash":"b591d3b073aa5a96ee125c24b261fd5ad9db36c0"}
,"/Users/clara/Documents/Code/projet-final/ma-seance-app/src/pages/movie/Movie.tsx": {"path":"/Users/clara/Documents/Code/projet-final/ma-seance-app/src/pages/movie/Movie.tsx","statementMap":{"0":{"start":{"line":1,"column":14},"end":{"line":3,"column":1}},"1":{"start":{"line":2,"column":4},"end":{"line":2,"column":28}}},"fnMap":{"0":{"name":"(anonymous_0)","decl":{"start":{"line":1,"column":14},"end":{"line":1,"column":15}},"loc":{"start":{"line":1,"column":20},"end":{"line":3,"column":1}},"line":1}},"branchMap":{},"s":{"0":1,"1":0},"f":{"0":0},"b":{},"_coverageSchema":"1a1c01bbd47fc00a2c39e90264f33305004495a9","hash":"ed61c33acea72ae04edb62b7a699f80754e67437"}
,"/Users/clara/Documents/Code/projet-final/ma-seance-app/src/pages/profile/Profile.tsx": {"path":"/Users/clara/Documents/Code/projet-final/ma-seance-app/src/pages/profile/Profile.tsx","statementMap":{"0":{"start":{"line":1,"column":16},"end":{"line":3,"column":1}},"1":{"start":{"line":2,"column":4},"end":{"line":2,"column":30}}},"fnMap":{"0":{"name":"(anonymous_0)","decl":{"start":{"line":1,"column":16},"end":{"line":1,"column":17}},"loc":{"start":{"line":1,"column":22},"end":{"line":3,"column":1}},"line":1}},"branchMap":{},"s":{"0":1,"1":0},"f":{"0":0},"b":{},"_coverageSchema":"1a1c01bbd47fc00a2c39e90264f33305004495a9","hash":"4162ec209867b644c3751642d2bd6e1fe6128840"}
,"/Users/clara/Documents/Code/projet-final/ma-seance-app/src/pages/screening/Screening.tsx": {"path":"/Users/clara/Documents/Code/projet-final/ma-seance-app/src/pages/screening/Screening.tsx","statementMap":{"0":{"start":{"line":1,"column":18},"end":{"line":3,"column":1}},"1":{"start":{"line":2,"column":4},"end":{"line":2,"column":32}}},"fnMap":{"0":{"name":"(anonymous_0)","decl":{"start":{"line":1,"column":18},"end":{"line":1,"column":19}},"loc":{"start":{"line":1,"column":24},"end":{"line":3,"column":1}},"line":1}},"branchMap":{},"s":{"0":1,"1":0},"f":{"0":0},"b":{},"_coverageSchema":"1a1c01bbd47fc00a2c39e90264f33305004495a9","hash":"1fdc13467f15e998430af9db287d73b9bc48892c"}
,"/Users/clara/Documents/Code/projet-final/ma-seance-app/src/pages/search/Search.tsx": {"path":"/Users/clara/Documents/Code/projet-final/ma-seance-app/src/pages/search/Search.tsx","statementMap":{"0":{"start":{"line":1,"column":15},"end":{"line":3,"column":1}},"1":{"start":{"line":2,"column":4},"end":{"line":2,"column":29}}},"fnMap":{"0":{"name":"(anonymous_0)","decl":{"start":{"line":1,"column":15},"end":{"line":1,"column":16}},"loc":{"start":{"line":1,"column":21},"end":{"line":3,"column":1}},"line":1}},"branchMap":{},"s":{"0":1,"1":0},"f":{"0":0},"b":{},"_coverageSchema":"1a1c01bbd47fc00a2c39e90264f33305004495a9","hash":"836df88719d98c1a5ad00cbb07b9cf14cf13ee5c"}
,"/Users/clara/Documents/Code/projet-final/ma-seance-app/src/pages/theater/Theater.tsx": {"path":"/Users/clara/Documents/Code/projet-final/ma-seance-app/src/pages/theater/Theater.tsx","statementMap":{"0":{"start":{"line":1,"column":16},"end":{"line":3,"column":1}},"1":{"start":{"line":2,"column":4},"end":{"line":2,"column":30}}},"fnMap":{"0":{"name":"(anonymous_0)","decl":{"start":{"line":1,"column":16},"end":{"line":1,"column":17}},"loc":{"start":{"line":1,"column":22},"end":{"line":3,"column":1}},"line":1}},"branchMap":{},"s":{"0":1,"1":0},"f":{"0":0},"b":{},"_coverageSchema":"1a1c01bbd47fc00a2c39e90264f33305004495a9","hash":"8ec47358975689bfbc0d4517cc517546efb1ddd2"}
}
