TN:
SF:src/App.tsx
FN:5,App
FNF:1
FNH:1
FNDA:2,App
DA:6,2
LF:1
LH:1
BRF:0
BRH:0
end_of_record
TN:
SF:src/AppRouter.tsx
FN:15,(anonymous_0)
FN:25,(anonymous_1)
FNF:2
FNH:1
FNDA:0,(anonymous_0)
FNDA:2,(anonymous_1)
DA:15,1
DA:16,0
DA:25,1
DA:26,2
DA:75,2
LF:5
LH:4
BRF:0
BRH:0
end_of_record
TN:
SF:src/index.tsx
FNF:0
FNH:0
DA:7,0
DA:8,0
DA:17,0
LF:3
LH:0
BRF:0
BRH:0
end_of_record
TN:
SF:src/reportWebVitals.ts
FN:3,(anonymous_0)
FN:5,(anonymous_1)
FNF:2
FNH:0
FNDA:0,(anonymous_0)
FNDA:0,(anonymous_1)
DA:3,0
DA:4,0
DA:5,0
DA:6,0
DA:7,0
DA:8,0
DA:9,0
DA:10,0
LF:8
LH:0
BRDA:4,0,0,0
BRDA:4,0,1,0
BRDA:4,1,0,0
BRDA:4,1,1,0
BRF:4
BRH:0
end_of_record
TN:
SF:src/client/auth.client.tsx
FN:8,(anonymous_0)
FN:14,(anonymous_1)
FN:18,(anonymous_2)
FN:24,(anonymous_3)
FN:29,(anonymous_4)
FN:36,(anonymous_5)
FN:42,(anonymous_6)
FN:49,(anonymous_7)
FN:53,(anonymous_8)
FNF:9
FNH:9
FNDA:3,(anonymous_0)
FNDA:2,(anonymous_1)
FNDA:1,(anonymous_2)
FNDA:4,(anonymous_3)
FNDA:3,(anonymous_4)
FNDA:2,(anonymous_5)
FNDA:3,(anonymous_6)
FNDA:2,(anonymous_7)
FNDA:1,(anonymous_8)
DA:4,4
DA:5,4
DA:6,4
DA:8,4
DA:9,3
DA:15,2
DA:16,2
DA:19,1
DA:20,1
DA:24,4
DA:25,4
DA:30,3
DA:31,3
DA:32,2
DA:34,1
DA:37,2
DA:38,2
DA:42,4
DA:43,3
DA:50,2
DA:51,2
DA:54,1
DA:55,1
LF:23
LH:23
BRDA:31,0,0,2
BRDA:31,0,1,1
BRDA:31,1,0,3
BRDA:31,1,1,3
BRF:4
BRH:4
end_of_record
TN:
SF:src/component/common/footer/Footer.tsx
FN:4,(anonymous_0)
FNF:1
FNH:1
FNDA:1,(anonymous_0)
DA:4,2
DA:5,1
LF:2
LH:2
BRF:0
BRH:0
end_of_record
TN:
SF:src/component/common/header/Header.tsx
FN:5,(anonymous_0)
FNF:1
FNH:1
FNDA:1,(anonymous_0)
DA:5,2
DA:6,1
LF:2
LH:2
BRF:0
BRH:0
end_of_record
TN:
SF:src/component/common/searchbar/Searchbar.tsx
FN:3,(anonymous_0)
FNF:1
FNH:1
FNDA:2,(anonymous_0)
DA:3,3
DA:4,2
LF:2
LH:2
BRF:0
BRH:0
end_of_record
TN:
SF:src/component/login/account-creation/AccountCreation.tsx
FN:9,(anonymous_0)
FN:22,(anonymous_1)
FN:27,(anonymous_2)
FN:41,(anonymous_3)
FN:80,(anonymous_4)
FN:93,(anonymous_5)
FN:110,(anonymous_6)
FN:127,(anonymous_7)
FN:144,(anonymous_8)
FNF:9
FNH:1
FNDA:2,(anonymous_0)
FNDA:0,(anonymous_1)
FNDA:0,(anonymous_2)
FNDA:0,(anonymous_3)
FNDA:0,(anonymous_4)
FNDA:0,(anonymous_5)
FNDA:0,(anonymous_6)
FNDA:0,(anonymous_7)
FNDA:0,(anonymous_8)
DA:9,2
DA:10,2
DA:11,2
DA:13,2
DA:14,2
DA:15,2
DA:16,2
DA:17,2
DA:18,2
DA:19,2
DA:20,2
DA:22,2
DA:23,0
DA:24,0
DA:27,2
DA:28,0
DA:29,0
DA:30,0
DA:31,0
DA:32,0
DA:34,0
DA:37,0
DA:41,2
DA:42,0
DA:43,0
DA:44,0
DA:46,0
DA:47,0
DA:48,0
DA:51,0
DA:52,0
DA:53,0
DA:56,0
DA:57,0
DA:58,0
DA:61,0
DA:62,0
DA:63,0
DA:66,0
DA:67,0
DA:68,0
DA:71,0
DA:72,0
DA:73,0
DA:76,0
DA:79,2
DA:80,0
DA:93,0
DA:110,0
DA:127,0
DA:144,0
LF:51
LH:15
BRDA:29,0,0,0
BRDA:29,0,1,0
BRDA:30,1,0,0
BRDA:30,1,1,0
BRDA:46,2,0,0
BRDA:46,2,1,0
BRDA:51,3,0,0
BRDA:51,3,1,0
BRDA:56,4,0,0
BRDA:56,4,1,0
BRDA:61,5,0,0
BRDA:61,5,1,0
BRDA:66,6,0,0
BRDA:66,6,1,0
BRDA:71,7,0,0
BRDA:71,7,1,0
BRDA:94,8,0,0
BRDA:94,8,1,2
BRDA:111,9,0,2
BRDA:111,9,1,0
BRDA:128,10,0,2
BRDA:128,10,1,0
BRDA:145,11,0,2
BRDA:145,11,1,0
BRF:24
BRH:4
end_of_record
TN:
SF:src/component/login/login-form/LoginForm.tsx
FN:6,(anonymous_0)
FN:16,(anonymous_1)
FN:21,(anonymous_2)
FN:36,(anonymous_3)
FN:59,(anonymous_4)
FN:68,(anonymous_5)
FN:83,(anonymous_6)
FNF:7
FNH:1
FNDA:2,(anonymous_0)
FNDA:0,(anonymous_1)
FNDA:0,(anonymous_2)
FNDA:0,(anonymous_3)
FNDA:0,(anonymous_4)
FNDA:0,(anonymous_5)
FNDA:0,(anonymous_6)
DA:6,2
DA:7,2
DA:8,2
DA:10,2
DA:11,2
DA:12,2
DA:13,2
DA:14,2
DA:16,2
DA:17,0
DA:18,0
DA:21,2
DA:22,0
DA:23,0
DA:24,0
DA:25,0
DA:26,0
DA:27,0
DA:29,0
DA:32,0
DA:36,2
DA:37,0
DA:38,0
DA:40,0
DA:41,0
DA:42,0
DA:45,0
DA:46,0
DA:47,0
DA:50,0
DA:51,0
DA:52,0
DA:55,0
DA:58,2
DA:59,0
DA:68,0
DA:83,0
LF:37
LH:12
BRDA:24,0,0,0
BRDA:24,0,1,0
BRDA:25,1,0,0
BRDA:25,1,1,0
BRDA:40,2,0,0
BRDA:40,2,1,0
BRDA:45,3,0,0
BRDA:45,3,1,0
BRDA:50,4,0,0
BRDA:50,4,1,0
BRF:10
BRH:0
end_of_record
TN:
SF:src/context/auth.context.tsx
FN:14,(anonymous_0)
FN:15,(anonymous_1)
FN:25,(anonymous_2)
FN:28,(anonymous_3)
FN:33,(anonymous_4)
FN:40,(anonymous_5)
FN:45,(anonymous_6)
FN:59,(anonymous_7)
FNF:8
FNH:6
FNDA:1,(anonymous_0)
FNDA:1,(anonymous_1)
FNDA:5,(anonymous_2)
FNDA:3,(anonymous_3)
FNDA:3,(anonymous_4)
FNDA:0,(anonymous_5)
FNDA:0,(anonymous_6)
FNDA:10,(anonymous_7)
DA:12,5
DA:19,5
DA:25,5
DA:26,5
DA:27,4
DA:28,4
DA:29,3
DA:30,3
DA:33,4
DA:34,3
DA:35,3
DA:36,1
DA:40,4
DA:41,0
DA:42,0
DA:45,4
DA:46,0
DA:47,0
DA:50,4
DA:56,4
DA:59,10
LF:21
LH:17
BRDA:30,0,0,1
BRDA:30,0,1,2
BRDA:35,1,0,1
BRDA:35,1,1,2
BRF:4
BRH:4
end_of_record
TN:
SF:src/hooks/useAuth.tsx
FN:4,(anonymous_0)
FN:7,(anonymous_1)
FN:13,(anonymous_2)
FN:18,(anonymous_3)
FN:23,(anonymous_4)
FNF:5
FNH:4
FNDA:8,(anonymous_0)
FNDA:1,(anonymous_1)
FNDA:1,(anonymous_2)
FNDA:1,(anonymous_3)
FNDA:0,(anonymous_4)
DA:4,3
DA:5,8
DA:7,8
DA:8,1
DA:9,1
DA:10,1
DA:13,8
DA:14,1
DA:18,8
DA:19,1
DA:23,8
DA:24,0
DA:27,8
LF:13
LH:12
BRF:0
BRH:0
end_of_record
TN:
SF:src/hooks/useLocalStorage.tsx
FN:3,(anonymous_0)
FN:6,(anonymous_1)
FN:11,(anonymous_2)
FN:17,(anonymous_3)
FNF:4
FNH:4
FNDA:9,(anonymous_0)
FNDA:1,(anonymous_1)
FNDA:1,(anonymous_2)
FNDA:1,(anonymous_3)
DA:3,6
DA:4,9
DA:6,9
DA:7,1
DA:8,1
DA:11,9
DA:12,1
DA:13,1
DA:14,1
DA:17,9
DA:18,1
DA:19,1
DA:22,9
LF:13
LH:13
BRF:0
BRH:0
end_of_record
TN:
SF:src/models/User.ts
FNF:0
FNH:0
LF:0
LH:0
BRF:0
BRH:0
end_of_record
TN:
SF:src/pages/agenda/Agenda.tsx
FN:1,(anonymous_0)
FNF:1
FNH:0
FNDA:0,(anonymous_0)
DA:1,1
DA:2,0
LF:2
LH:1
BRF:0
BRH:0
end_of_record
TN:
SF:src/pages/currently/Currently.tsx
FN:1,(anonymous_0)
FNF:1
FNH:0
FNDA:0,(anonymous_0)
DA:1,1
DA:2,0
LF:2
LH:1
BRF:0
BRH:0
end_of_record
TN:
SF:src/pages/error/Error.tsx
FN:3,(anonymous_0)
FNF:1
FNH:0
FNDA:0,(anonymous_0)
DA:3,1
DA:4,0
DA:5,0
DA:6,0
DA:7,0
DA:16,0
LF:6
LH:1
BRDA:6,0,0,0
BRDA:6,0,1,0
BRF:2
BRH:0
end_of_record
TN:
SF:src/pages/home/Home.tsx
FN:4,(anonymous_0)
FN:12,(anonymous_1)
FNF:2
FNH:2
FNDA:1,(anonymous_0)
FNDA:1,(anonymous_1)
DA:4,2
DA:5,1
DA:6,1
DA:7,1
DA:9,0
DA:12,2
DA:13,1
DA:15,1
LF:8
LH:7
BRDA:6,0,0,1
BRDA:6,0,1,0
BRDA:19,1,0,1
BRDA:19,1,1,0
BRF:4
BRH:2
end_of_record
TN:
SF:src/pages/login/Login.tsx
FN:6,(anonymous_0)
FN:9,(anonymous_1)
FN:13,(anonymous_2)
FN:17,(anonymous_3)
FNF:4
FNH:4
FNDA:11,(anonymous_0)
FNDA:2,(anonymous_1)
FNDA:2,(anonymous_2)
FNDA:2,(anonymous_3)
DA:6,2
DA:7,11
DA:9,11
DA:10,2
DA:13,11
DA:14,2
DA:17,11
DA:18,2
DA:21,11
LF:9
LH:9
BRDA:23,0,0,11
BRDA:23,0,1,7
BRDA:42,1,0,11
BRDA:42,1,1,2
BRDA:59,2,0,11
BRDA:59,2,1,2
BRF:6
BRH:6
end_of_record
TN:
SF:src/pages/movie/Movie.tsx
FN:1,(anonymous_0)
FNF:1
FNH:0
FNDA:0,(anonymous_0)
DA:1,1
DA:2,0
LF:2
LH:1
BRF:0
BRH:0
end_of_record
TN:
SF:src/pages/profile/Profile.tsx
FN:1,(anonymous_0)
FNF:1
FNH:0
FNDA:0,(anonymous_0)
DA:1,1
DA:2,0
LF:2
LH:1
BRF:0
BRH:0
end_of_record
TN:
SF:src/pages/screening/Screening.tsx
FN:1,(anonymous_0)
FNF:1
FNH:0
FNDA:0,(anonymous_0)
DA:1,1
DA:2,0
LF:2
LH:1
BRF:0
BRH:0
end_of_record
TN:
SF:src/pages/search/Search.tsx
FN:1,(anonymous_0)
FNF:1
FNH:0
FNDA:0,(anonymous_0)
DA:1,1
DA:2,0
LF:2
LH:1
BRF:0
BRH:0
end_of_record
TN:
SF:src/pages/theater/Theater.tsx
FN:1,(anonymous_0)
FNF:1
FNH:0
FNDA:0,(anonymous_0)
DA:1,1
DA:2,0
LF:2
LH:1
BRF:0
BRH:0
end_of_record
